Determining size of off64_t failed with the following output:
Change Dir: C:/Users/aggelog/Dropbox/Final_Thesis_cs499/Source/glGA-StudentEdition/glGA/_thirdPartyLibs/assimp/CMakeFiles/CMakeTmp

Run Build Command:"C:/Program Files (x86)/MSBuild/12.0/bin/MSBuild.exe" "cmTryCompileExec1795803554.vcxproj" "/p:Configuration=Debug" "/p:VisualStudioVersion=12.0"
Microsoft (R) Build Engine version 12.0.30723.0
[Microsoft .NET Framework, version 4.0.30319.18444]
Copyright (C) Microsoft Corporation. All rights reserved.

Build started 10/11/2014 12:25:26 PM.
Project "C:\Users\aggelog\Dropbox\Final_Thesis_cs499\Source\glGA-StudentEdition\glGA\_thirdPartyLibs\assimp\CMakeFiles\CMakeTmp\cmTryCompileExec1795803554.vcxproj" on node 1 (default targets).
PrepareForBuild:
  Creating directory "cmTryCompileExec1795803554.dir\Debug\".
  Creating directory "C:\Users\aggelog\Dropbox\Final_Thesis_cs499\Source\glGA-StudentEdition\glGA\_thirdPartyLibs\assimp\CMakeFiles\CMakeTmp\Debug\".
  Creating directory "cmTryCompileExec1795803554.dir\Debug\cmTryCom.CDDA2765.tlog\".
InitializeBuildStatus:
  Creating "cmTryCompileExec1795803554.dir\Debug\cmTryCom.CDDA2765.tlog\unsuccessfulbuild" because "AlwaysCreate" was specified.
ClCompile:
  C:\Program Files (x86)\Microsoft Visual Studio 12.0\VC\bin\CL.exe /c /Zi /W3 /WX- /Od /Ob0 /Oy- /D WIN32 /D _WINDOWS /D _DEBUG /D _LARGEFILE64_SOURCE=1 /D HAVE_SYS_TYPES_H /D HAVE_STDINT_H /D HAVE_STDDEF_H /D "CMAKE_INTDIR=\"Debug\"" /D _MBCS /Gm- /RTC1 /MDd /GS /fp:precise /Zc:wchar_t /Zc:forScope /Fo"cmTryCompileExec1795803554.dir\Debug\\" /Fd"cmTryCompileExec1795803554.dir\Debug\vc120.pdb" /Gd /TC /analyze- /errorReport:queue "C:\Users\aggelog\Dropbox\Final_Thesis_cs499\Source\glGA-StudentEdition\glGA\_thirdPartyLibs\assimp\CMakeFiles\CheckTypeSize\OFF64_T.c"
  Microsoft (R) C/C++ Optimizing Compiler Version 18.00.30723 for x86
  Copyright (C) Microsoft Corporation.  All rights reserved.
  
  cl /c /Zi /W3 /WX- /Od /Ob0 /Oy- /D WIN32 /D _WINDOWS /D _DEBUG /D _LARGEFILE64_SOURCE=1 /D HAVE_SYS_TYPES_H /D HAVE_STDINT_H /D HAVE_STDDEF_H /D "CMAKE_INTDIR=\"Debug\"" /D _MBCS /Gm- /RTC1 /MDd /GS /fp:precise /Zc:wchar_t /Zc:forScope /Fo"cmTryCompileExec1795803554.dir\Debug\\" /Fd"cmTryCompileExec1795803554.dir\Debug\vc120.pdb" /Gd /TC /analyze- /errorReport:queue "C:\Users\aggelog\Dropbox\Final_Thesis_cs499\Source\glGA-StudentEdition\glGA\_thirdPartyLibs\assimp\CMakeFiles\CheckTypeSize\OFF64_T.c"
  
  OFF64_T.c
C:\Users\aggelog\Dropbox\Final_Thesis_cs499\Source\glGA-StudentEdition\glGA\_thirdPartyLibs\assimp\CMakeFiles\CheckTypeSize\OFF64_T.c(19): error C2065: 'off64_t' : undeclared identifier [C:\Users\aggelog\Dropbox\Final_Thesis_cs499\Source\glGA-StudentEdition\glGA\_thirdPartyLibs\assimp\CMakeFiles\CMakeTmp\cmTryCompileExec1795803554.vcxproj]
C:\Users\aggelog\Dropbox\Final_Thesis_cs499\Source\glGA-StudentEdition\glGA\_thirdPartyLibs\assimp\CMakeFiles\CheckTypeSize\OFF64_T.c(20): error C2065: 'off64_t' : undeclared identifier [C:\Users\aggelog\Dropbox\Final_Thesis_cs499\Source\glGA-StudentEdition\glGA\_thirdPartyLibs\assimp\CMakeFiles\CMakeTmp\cmTryCompileExec1795803554.vcxproj]
C:\Users\aggelog\Dropbox\Final_Thesis_cs499\Source\glGA-StudentEdition\glGA\_thirdPartyLibs\assimp\CMakeFiles\CheckTypeSize\OFF64_T.c(21): error C2065: 'off64_t' : undeclared identifier [C:\Users\aggelog\Dropbox\Final_Thesis_cs499\Source\glGA-StudentEdition\glGA\_thirdPartyLibs\assimp\CMakeFiles\CMakeTmp\cmTryCompileExec1795803554.vcxproj]
C:\Users\aggelog\Dropbox\Final_Thesis_cs499\Source\glGA-StudentEdition\glGA\_thirdPartyLibs\assimp\CMakeFiles\CheckTypeSize\OFF64_T.c(22): error C2065: 'off64_t' : undeclared identifier [C:\Users\aggelog\Dropbox\Final_Thesis_cs499\Source\glGA-StudentEdition\glGA\_thirdPartyLibs\assimp\CMakeFiles\CMakeTmp\cmTryCompileExec1795803554.vcxproj]
C:\Users\aggelog\Dropbox\Final_Thesis_cs499\Source\glGA-StudentEdition\glGA\_thirdPartyLibs\assimp\CMakeFiles\CheckTypeSize\OFF64_T.c(23): error C2065: 'off64_t' : undeclared identifier [C:\Users\aggelog\Dropbox\Final_Thesis_cs499\Source\glGA-StudentEdition\glGA\_thirdPartyLibs\assimp\CMakeFiles\CMakeTmp\cmTryCompileExec1795803554.vcxproj]
Done Building Project "C:\Users\aggelog\Dropbox\Final_Thesis_cs499\Source\glGA-StudentEdition\glGA\_thirdPartyLibs\assimp\CMakeFiles\CMakeTmp\cmTryCompileExec1795803554.vcxproj" (default targets) -- FAILED.

Build FAILED.

"C:\Users\aggelog\Dropbox\Final_Thesis_cs499\Source\glGA-StudentEdition\glGA\_thirdPartyLibs\assimp\CMakeFiles\CMakeTmp\cmTryCompileExec1795803554.vcxproj" (default target) (1) ->
(ClCompile target) -> 
  C:\Users\aggelog\Dropbox\Final_Thesis_cs499\Source\glGA-StudentEdition\glGA\_thirdPartyLibs\assimp\CMakeFiles\CheckTypeSize\OFF64_T.c(19): error C2065: 'off64_t' : undeclared identifier [C:\Users\aggelog\Dropbox\Final_Thesis_cs499\Source\glGA-StudentEdition\glGA\_thirdPartyLibs\assimp\CMakeFiles\CMakeTmp\cmTryCompileExec1795803554.vcxproj]
  C:\Users\aggelog\Dropbox\Final_Thesis_cs499\Source\glGA-StudentEdition\glGA\_thirdPartyLibs\assimp\CMakeFiles\CheckTypeSize\OFF64_T.c(20): error C2065: 'off64_t' : undeclared identifier [C:\Users\aggelog\Dropbox\Final_Thesis_cs499\Source\glGA-StudentEdition\glGA\_thirdPartyLibs\assimp\CMakeFiles\CMakeTmp\cmTryCompileExec1795803554.vcxproj]
  C:\Users\aggelog\Dropbox\Final_Thesis_cs499\Source\glGA-StudentEdition\glGA\_thirdPartyLibs\assimp\CMakeFiles\CheckTypeSize\OFF64_T.c(21): error C2065: 'off64_t' : undeclared identifier [C:\Users\aggelog\Dropbox\Final_Thesis_cs499\Source\glGA-StudentEdition\glGA\_thirdPartyLibs\assimp\CMakeFiles\CMakeTmp\cmTryCompileExec1795803554.vcxproj]
  C:\Users\aggelog\Dropbox\Final_Thesis_cs499\Source\glGA-StudentEdition\glGA\_thirdPartyLibs\assimp\CMakeFiles\CheckTypeSize\OFF64_T.c(22): error C2065: 'off64_t' : undeclared identifier [C:\Users\aggelog\Dropbox\Final_Thesis_cs499\Source\glGA-StudentEdition\glGA\_thirdPartyLibs\assimp\CMakeFiles\CMakeTmp\cmTryCompileExec1795803554.vcxproj]
  C:\Users\aggelog\Dropbox\Final_Thesis_cs499\Source\glGA-StudentEdition\glGA\_thirdPartyLibs\assimp\CMakeFiles\CheckTypeSize\OFF64_T.c(23): error C2065: 'off64_t' : undeclared identifier [C:\Users\aggelog\Dropbox\Final_Thesis_cs499\Source\glGA-StudentEdition\glGA\_thirdPartyLibs\assimp\CMakeFiles\CMakeTmp\cmTryCompileExec1795803554.vcxproj]

    0 Warning(s)
    5 Error(s)

Time Elapsed 00:00:00.38

C:/Users/aggelog/Dropbox/Final_Thesis_cs499/Source/glGA-StudentEdition/glGA/_thirdPartyLibs/assimp/CMakeFiles/CheckTypeSize/OFF64_T.c:
#include <sys/types.h>
#include <stdint.h>
#include <stddef.h>


#undef KEY
#if defined(__i386)
# define KEY '_','_','i','3','8','6'
#elif defined(__x86_64)
# define KEY '_','_','x','8','6','_','6','4'
#elif defined(__ppc__)
# define KEY '_','_','p','p','c','_','_'
#elif defined(__ppc64__)
# define KEY '_','_','p','p','c','6','4','_','_'
#endif

#define SIZE (sizeof(off64_t))
char info_size[] =  {'I', 'N', 'F', 'O', ':', 's','i','z','e','[',
  ('0' + ((SIZE / 10000)%10)),
  ('0' + ((SIZE / 1000)%10)),
  ('0' + ((SIZE / 100)%10)),
  ('0' + ((SIZE / 10)%10)),
  ('0' +  (SIZE    % 10)),
  ']',
#ifdef KEY
  ' ','k','e','y','[', KEY, ']',
#endif
  '\0'};

#ifdef __CLASSIC_C__
int main(argc, argv) int argc; char *argv[];
#else
int main(int argc, char *argv[])
#endif
{
  int require = 0;
  require += info_size[argc];
  (void)argv;
  return require;
}


Determining if the function fseeko exists failed with the following output:
Change Dir: C:/Users/aggelog/Dropbox/Final_Thesis_cs499/Source/glGA-StudentEdition/glGA/_thirdPartyLibs/assimp/CMakeFiles/CMakeTmp

Run Build Command:"C:/Program Files (x86)/MSBuild/12.0/bin/MSBuild.exe" "cmTryCompileExec4110530542.vcxproj" "/p:Configuration=Debug" "/p:VisualStudioVersion=12.0"
Microsoft (R) Build Engine version 12.0.30723.0
[Microsoft .NET Framework, version 4.0.30319.18444]
Copyright (C) Microsoft Corporation. All rights reserved.

Build started 10/11/2014 12:25:27 PM.
Project "C:\Users\aggelog\Dropbox\Final_Thesis_cs499\Source\glGA-StudentEdition\glGA\_thirdPartyLibs\assimp\CMakeFiles\CMakeTmp\cmTryCompileExec4110530542.vcxproj" on node 1 (default targets).
PrepareForBuild:
  Creating directory "cmTryCompileExec4110530542.dir\Debug\".
  Creating directory "C:\Users\aggelog\Dropbox\Final_Thesis_cs499\Source\glGA-StudentEdition\glGA\_thirdPartyLibs\assimp\CMakeFiles\CMakeTmp\Debug\".
  Creating directory "cmTryCompileExec4110530542.dir\Debug\cmTryCom.CC0D67BE.tlog\".
InitializeBuildStatus:
  Creating "cmTryCompileExec4110530542.dir\Debug\cmTryCom.CC0D67BE.tlog\unsuccessfulbuild" because "AlwaysCreate" was specified.
ClCompile:
  C:\Program Files (x86)\Microsoft Visual Studio 12.0\VC\bin\CL.exe /c /Zi /W3 /WX- /Od /Ob0 /Oy- /D WIN32 /D _WINDOWS /D CHECK_FUNCTION_EXISTS=fseeko /D _DEBUG /D "CMAKE_INTDIR=\"Debug\"" /D _MBCS /Gm- /RTC1 /MDd /GS /fp:precise /Zc:wchar_t /Zc:forScope /Fo"cmTryCompileExec4110530542.dir\Debug\\" /Fd"cmTryCompileExec4110530542.dir\Debug\vc120.pdb" /Gd /TC /analyze- /errorReport:queue "C:\Program Files (x86)\CMake\share\cmake-3.0\Modules\CheckFunctionExists.c"
  Microsoft (R) C/C++ Optimizing Compiler Version 18.00.30723 for x86
  Copyright (C) Microsoft Corporation.  All rights reserved.
  
  cl /c /Zi /W3 /WX- /Od /Ob0 /Oy- /D WIN32 /D _WINDOWS /D CHECK_FUNCTION_EXISTS=fseeko /D _DEBUG /D "CMAKE_INTDIR=\"Debug\"" /D _MBCS /Gm- /RTC1 /MDd /GS /fp:precise /Zc:wchar_t /Zc:forScope /Fo"cmTryCompileExec4110530542.dir\Debug\\" /Fd"cmTryCompileExec4110530542.dir\Debug\vc120.pdb" /Gd /TC /analyze- /errorReport:queue "C:\Program Files (x86)\CMake\share\cmake-3.0\Modules\CheckFunctionExists.c"
  
  CheckFunctionExists.c
Link:
  C:\Program Files (x86)\Microsoft Visual Studio 12.0\VC\bin\link.exe /ERRORREPORT:QUEUE /OUT:"C:\Users\aggelog\Dropbox\Final_Thesis_cs499\Source\glGA-StudentEdition\glGA\_thirdPartyLibs\assimp\CMakeFiles\CMakeTmp\Debug\cmTryCompileExec4110530542.exe" /INCREMENTAL /NOLOGO kernel32.lib user32.lib gdi32.lib winspool.lib shell32.lib ole32.lib oleaut32.lib uuid.lib comdlg32.lib advapi32.lib /MANIFEST /MANIFESTUAC:"level='asInvoker' uiAccess='false'" /manifest:embed /DEBUG /PDB:"C:/Users/aggelog/Dropbox/Final_Thesis_cs499/Source/glGA-StudentEdition/glGA/_thirdPartyLibs/assimp/CMakeFiles/CMakeTmp/Debug/cmTryCompileExec4110530542.pdb" /SUBSYSTEM:CONSOLE /TLBID:1 /DYNAMICBASE /NXCOMPAT /IMPLIB:"C:/Users/aggelog/Dropbox/Final_Thesis_cs499/Source/glGA-StudentEdition/glGA/_thirdPartyLibs/assimp/CMakeFiles/CMakeTmp/Debug/cmTryCompileExec4110530542.lib" /MACHINE:X86 /SAFESEH  /machine:X86 /debug cmTryCompileExec4110530542.dir\Debug\CheckFunctionExists.obj
CheckFunctionExists.obj : error LNK2019: unresolved external symbol _fseeko referenced in function _main [C:\Users\aggelog\Dropbox\Final_Thesis_cs499\Source\glGA-StudentEdition\glGA\_thirdPartyLibs\assimp\CMakeFiles\CMakeTmp\cmTryCompileExec4110530542.vcxproj]
C:\Users\aggelog\Dropbox\Final_Thesis_cs499\Source\glGA-StudentEdition\glGA\_thirdPartyLibs\assimp\CMakeFiles\CMakeTmp\Debug\cmTryCompileExec4110530542.exe : fatal error LNK1120: 1 unresolved externals [C:\Users\aggelog\Dropbox\Final_Thesis_cs499\Source\glGA-StudentEdition\glGA\_thirdPartyLibs\assimp\CMakeFiles\CMakeTmp\cmTryCompileExec4110530542.vcxproj]
Done Building Project "C:\Users\aggelog\Dropbox\Final_Thesis_cs499\Source\glGA-StudentEdition\glGA\_thirdPartyLibs\assimp\CMakeFiles\CMakeTmp\cmTryCompileExec4110530542.vcxproj" (default targets) -- FAILED.

Build FAILED.

"C:\Users\aggelog\Dropbox\Final_Thesis_cs499\Source\glGA-StudentEdition\glGA\_thirdPartyLibs\assimp\CMakeFiles\CMakeTmp\cmTryCompileExec4110530542.vcxproj" (default target) (1) ->
(Link target) -> 
  CheckFunctionExists.obj : error LNK2019: unresolved external symbol _fseeko referenced in function _main [C:\Users\aggelog\Dropbox\Final_Thesis_cs499\Source\glGA-StudentEdition\glGA\_thirdPartyLibs\assimp\CMakeFiles\CMakeTmp\cmTryCompileExec4110530542.vcxproj]
  C:\Users\aggelog\Dropbox\Final_Thesis_cs499\Source\glGA-StudentEdition\glGA\_thirdPartyLibs\assimp\CMakeFiles\CMakeTmp\Debug\cmTryCompileExec4110530542.exe : fatal error LNK1120: 1 unresolved externals [C:\Users\aggelog\Dropbox\Final_Thesis_cs499\Source\glGA-StudentEdition\glGA\_thirdPartyLibs\assimp\CMakeFiles\CMakeTmp\cmTryCompileExec4110530542.vcxproj]

    0 Warning(s)
    2 Error(s)

Time Elapsed 00:00:00.55


Determining if the include file unistd.h exists failed with the following output:
Change Dir: C:/Users/aggelog/Dropbox/Final_Thesis_cs499/Source/glGA-StudentEdition/glGA/_thirdPartyLibs/assimp/CMakeFiles/CMakeTmp

Run Build Command:"C:/Program Files (x86)/MSBuild/12.0/bin/MSBuild.exe" "cmTryCompileExec1025463158.vcxproj" "/p:Configuration=Debug" "/p:VisualStudioVersion=12.0"
Microsoft (R) Build Engine version 12.0.30723.0
[Microsoft .NET Framework, version 4.0.30319.18444]
Copyright (C) Microsoft Corporation. All rights reserved.

Build started 10/11/2014 12:25:27 PM.
Project "C:\Users\aggelog\Dropbox\Final_Thesis_cs499\Source\glGA-StudentEdition\glGA\_thirdPartyLibs\assimp\CMakeFiles\CMakeTmp\cmTryCompileExec1025463158.vcxproj" on node 1 (default targets).
PrepareForBuild:
  Creating directory "cmTryCompileExec1025463158.dir\Debug\".
  Creating directory "C:\Users\aggelog\Dropbox\Final_Thesis_cs499\Source\glGA-StudentEdition\glGA\_thirdPartyLibs\assimp\CMakeFiles\CMakeTmp\Debug\".
  Creating directory "cmTryCompileExec1025463158.dir\Debug\cmTryCom.6DBE0CF6.tlog\".
InitializeBuildStatus:
  Creating "cmTryCompileExec1025463158.dir\Debug\cmTryCom.6DBE0CF6.tlog\unsuccessfulbuild" because "AlwaysCreate" was specified.
ClCompile:
  C:\Program Files (x86)\Microsoft Visual Studio 12.0\VC\bin\CL.exe /c /Zi /W3 /WX- /Od /Ob0 /Oy- /D WIN32 /D _WINDOWS /D _DEBUG /D "CMAKE_INTDIR=\"Debug\"" /D _MBCS /Gm- /RTC1 /MDd /GS /fp:precise /Zc:wchar_t /Zc:forScope /Fo"cmTryCompileExec1025463158.dir\Debug\\" /Fd"cmTryCompileExec1025463158.dir\Debug\vc120.pdb" /Gd /TC /analyze- /errorReport:queue CheckIncludeFile.c
  Microsoft (R) C/C++ Optimizing Compiler Version 18.00.30723 for x86
  Copyright (C) Microsoft Corporation.  All rights reserved.
  
  cl /c /Zi /W3 /WX- /Od /Ob0 /Oy- /D WIN32 /D _WINDOWS /D _DEBUG /D "CMAKE_INTDIR=\"Debug\"" /D _MBCS /Gm- /RTC1 /MDd /GS /fp:precise /Zc:wchar_t /Zc:forScope /Fo"cmTryCompileExec1025463158.dir\Debug\\" /Fd"cmTryCompileExec1025463158.dir\Debug\vc120.pdb" /Gd /TC /analyze- /errorReport:queue CheckIncludeFile.c
  
  CheckIncludeFile.c
CheckIncludeFile.c(1): fatal error C1083: Cannot open include file: 'unistd.h': No such file or directory [C:\Users\aggelog\Dropbox\Final_Thesis_cs499\Source\glGA-StudentEdition\glGA\_thirdPartyLibs\assimp\CMakeFiles\CMakeTmp\cmTryCompileExec1025463158.vcxproj]
Done Building Project "C:\Users\aggelog\Dropbox\Final_Thesis_cs499\Source\glGA-StudentEdition\glGA\_thirdPartyLibs\assimp\CMakeFiles\CMakeTmp\cmTryCompileExec1025463158.vcxproj" (default targets) -- FAILED.

Build FAILED.

"C:\Users\aggelog\Dropbox\Final_Thesis_cs499\Source\glGA-StudentEdition\glGA\_thirdPartyLibs\assimp\CMakeFiles\CMakeTmp\cmTryCompileExec1025463158.vcxproj" (default target) (1) ->
(ClCompile target) -> 
  CheckIncludeFile.c(1): fatal error C1083: Cannot open include file: 'unistd.h': No such file or directory [C:\Users\aggelog\Dropbox\Final_Thesis_cs499\Source\glGA-StudentEdition\glGA\_thirdPartyLibs\assimp\CMakeFiles\CMakeTmp\cmTryCompileExec1025463158.vcxproj]

    0 Warning(s)
    1 Error(s)

Time Elapsed 00:00:00.69


